<?xml version="1.0" encoding="UTF-8"?>
<testng-results skipped="0" failed="0" ignored="0" total="2" passed="2">
  <reporter-output>
  </reporter-output>
  <suite name="Surefire suite" duration-ms="4726" started-at="2018-07-12T05:13:20Z" finished-at="2018-07-12T05:13:25Z">
    <groups>
    </groups>
    <test name="Surefire test" duration-ms="4726" started-at="2018-07-12T05:13:20Z" finished-at="2018-07-12T05:13:25Z">
      <class name="com.masteringselenium.BasicIT">
        <test-method status="PASS" signature="instantiateDriverObject()[pri:0, instance:com.masteringselenium.BasicIT@366e2eef]" name="instantiateDriverObject" is-config="true" duration-ms="9" started-at="2018-07-12T05:13:20Z" finished-at="2018-07-12T05:13:20Z">
          <reporter-output>
          </reporter-output>
        </test-method> <!-- instantiateDriverObject -->
        <test-method status="PASS" signature="googleCheeseExample()[pri:0, instance:com.masteringselenium.BasicIT@366e2eef]" name="googleCheeseExample" duration-ms="4023" started-at="2018-07-12T05:13:20Z" finished-at="2018-07-12T05:13:24Z">
          <reporter-output>
          </reporter-output>
        </test-method> <!-- googleCheeseExample -->
        <test-method status="PASS" signature="clearCookies()[pri:0, instance:com.masteringselenium.BasicIT@366e2eef]" name="clearCookies" is-config="true" duration-ms="7" started-at="2018-07-12T05:13:24Z" finished-at="2018-07-12T05:13:24Z">
          <reporter-output>
          </reporter-output>
        </test-method> <!-- clearCookies -->
        <test-method status="PASS" signature="googleMilkExample()[pri:0, instance:com.masteringselenium.BasicIT@366e2eef]" name="googleMilkExample" duration-ms="674" started-at="2018-07-12T05:13:24Z" finished-at="2018-07-12T05:13:25Z">
          <reporter-output>
          </reporter-output>
        </test-method> <!-- googleMilkExample -->
        <test-method status="PASS" signature="clearCookies()[pri:0, instance:com.masteringselenium.BasicIT@366e2eef]" name="clearCookies" is-config="true" duration-ms="5" started-at="2018-07-12T05:13:25Z" finished-at="2018-07-12T05:13:25Z">
          <reporter-output>
          </reporter-output>
        </test-method> <!-- clearCookies -->
        <test-method status="PASS" signature="closeDriverObjects()[pri:0, instance:com.masteringselenium.BasicIT@366e2eef]" name="closeDriverObjects" is-config="true" duration-ms="563" started-at="2018-07-12T05:13:25Z" finished-at="2018-07-12T05:13:26Z">
          <reporter-output>
          </reporter-output>
        </test-method> <!-- closeDriverObjects -->
      </class> <!-- com.masteringselenium.BasicIT -->
    </test> <!-- Surefire test -->
  </suite> <!-- Surefire suite -->
</testng-results>
